
> rest-express@1.0.0 dev
> NODE_ENV=development tsx server/index.ts

[dotenv@17.2.1] injecting env (4) from .env -- tip: 🔐 encrypt with Dotenvx: https://dotenvx.com
[dotenv@17.2.1] injecting env (0) from .env -- tip: 📡 auto-backup env with Radar: https://dotenvx.com/radar
Connected to MongoDB Atlas - RentFlow database
🌱 Seeding database with test users...
✅ Test users already exist, checking assignments...
Getting tenant property for tenant ID: 6891ac956dacef4a8d363d09
Found tenant: {
  _id: new ObjectId('6891ac956dacef4a8d363d09'),
  fullName: 'Jane Tenant',
  email: 'tenant@example.com',
  password: 'password123',
  role: 'tenant',
  createdAt: 2025-08-05T07:02:45.780Z,
  updatedAt: 2025-09-07T13:11:05.355Z,
  __v: 0,
  apartmentInfo: {
    propertyId: new ObjectId('68920992be445964dc1c540b'),
    propertyName: 'Sunset Apartments',
    propertyType: '2bedroom',
    unitNumber: 'A101',
    rentAmount: '1200',
    landlordId: new ObjectId('6891ac946dacef4a8d363d00')
  }
}
Using property ID: 68920992be445964dc1c540b
Found property: {
  _id: new ObjectId('68920992be445964dc1c540b'),
  landlordId: new ObjectId('6891ac946dacef4a8d363d00'),
  name: 'Sunset Apartments',
  propertyTypes: [
    {
      type: '1bedroom',
      price: '1000',
      _id: new ObjectId('68920992be445964dc1c540c')
    },
    {
      type: '2bedroom',
      price: '1200',
      _id: new ObjectId('68920992be445964dc1c540d')
    },
    {
      type: 'studio',
      price: '800',
      _id: new ObjectId('68920992be445964dc1c540e')
    }
  ],
  utilities: {
    electricity: true,
    water: true,
    garbage: true,
    security: false,
    internet: false,
    other: false
  },
  totalUnits: '20',
  occupiedUnits: '0',
  tenants: [ new ObjectId('6891ac956dacef4a8d363d09') ],
  createdAt: 2025-08-05T13:39:30.648Z,
  updatedAt: 2025-09-07T13:11:06.560Z,
  __v: 0
}
Returning tenant property result: {
  _id: '6891ac956dacef4a8d363d09',
  tenantId: '6891ac956dacef4a8d363d09',
  propertyId: '68920992be445964dc1c540b',
  propertyType: '2bedroom',
  unitNumber: 'A101',
  rentAmount: '1200',
  createdAt: 2025-08-05T07:02:45.780Z,
  property: {
    id: '68920992be445964dc1c540b',
    landlordId: '6891ac946dacef4a8d363d00',
    name: 'Sunset Apartments',
    propertyTypes: [ [Object], [Object], [Object] ],
    utilities: {
      electricity: true,
      water: true,
      garbage: true,
      security: false,
      internet: false,
      other: false
    },
    totalUnits: '20',
    occupiedUnits: '0',
    createdAt: 2025-08-05T13:39:30.648Z
  }
}
✅ Test tenant already has apartment assignment
8:29:57 PM [express] serving on port 5000
Finding tenants for landlordId: 6891ac946dacef4a8d363d00, found 1 tenants
8:30:05 PM [express] GET /api/tenants/landlord/6891ac946dacef4a8d363d00 200 in 386ms :: [{"id":"6891…
Browserslist: browsers data (caniuse-lite) is 11 months old. Please run:
  npx update-browserslist-db@latest
  Why you should do it regularly: https://github.com/browserslist/update-db#readme
Finding tenants for landlordId: 68918b9a0527feb6e3cc00bf, found 0 tenants
8:32:17 PM [express] GET /api/tenants/landlord/68918b9a0527feb6e3cc00bf 200 in 521ms :: []
Finding tenants for landlordId: 68918b9a0527feb6e3cc00bf, found 0 tenants
8:32:31 PM [express] GET /api/tenants/landlord/68918b9a0527feb6e3cc00bf 200 in 111ms :: []
8:33:19 PM [express] POST /api/auth/login 200 in 144ms :: {"user":{"id":"6891ac946dacef4a8d363d00","…
